[0.115s] DEBUG:colcon:Command line arguments: ['/usr/bin/colcon', 'build']
[0.115s] DEBUG:colcon:Parsed command line arguments: Namespace(log_base=None, log_level=None, verb_name='build', build_base='build', install_base='install', merge_install=False, symlink_install=False, test_result_base=None, continue_on_error=False, executor='parallel', parallel_workers=22, event_handlers=None, ignore_user_meta=False, metas=['./colcon.meta'], base_paths=['.'], packages_ignore=None, packages_ignore_regex=None, paths=None, packages_up_to=None, packages_up_to_regex=None, packages_above=None, packages_above_and_dependencies=None, packages_above_depth=None, packages_select_by_dep=None, packages_skip_by_dep=None, packages_skip_up_to=None, packages_select_build_failed=False, packages_skip_build_finished=False, packages_select_test_failures=False, packages_skip_test_passed=False, packages_select=None, packages_skip=None, packages_select_regex=None, packages_skip_regex=None, packages_start=None, packages_end=None, allow_overriding=[], cmake_args=None, cmake_target=None, cmake_target_skip_unavailable=False, cmake_clean_cache=False, cmake_clean_first=False, cmake_force_configure=False, ament_cmake_args=None, catkin_cmake_args=None, catkin_skip_building_tests=False, mixin_files=None, mixin=None, verb_parser=<colcon_mixin.mixin.mixin_argument.MixinArgumentDecorator object at 0x7c0c1959dd20>, verb_extension=<colcon_core.verb.build.BuildVerb object at 0x7c0c1959d360>, main=<bound method BuildVerb.main of <colcon_core.verb.build.BuildVerb object at 0x7c0c1959d360>>, mixin_verb=('build',))
[0.288s] Level 1:colcon.colcon_core.package_discovery:discover_packages(colcon_meta) check parameters
[0.288s] Level 1:colcon.colcon_core.package_discovery:discover_packages(recursive) check parameters
[0.288s] Level 1:colcon.colcon_core.package_discovery:discover_packages(ignore) check parameters
[0.288s] Level 1:colcon.colcon_core.package_discovery:discover_packages(path) check parameters
[0.288s] Level 1:colcon.colcon_core.package_discovery:discover_packages(colcon_meta) discover
[0.288s] Level 1:colcon.colcon_core.package_discovery:discover_packages(recursive) discover
[0.288s] INFO:colcon.colcon_core.package_discovery:Crawling recursively for packages in '/home/benricket/school/chair/Desk-On-Demand'
[0.288s] Level 1:colcon.colcon_core.package_identification:_identify(.) by extensions ['ignore', 'ignore_ament_install']
[0.289s] Level 1:colcon.colcon_core.package_identification:_identify(.) by extension 'ignore'
[0.289s] Level 1:colcon.colcon_core.package_identification:_identify(.) by extension 'ignore_ament_install'
[0.289s] Level 1:colcon.colcon_core.package_identification:_identify(.) by extensions ['colcon_pkg']
[0.289s] Level 1:colcon.colcon_core.package_identification:_identify(.) by extension 'colcon_pkg'
[0.289s] Level 1:colcon.colcon_core.package_identification:_identify(.) by extensions ['colcon_meta']
[0.289s] Level 1:colcon.colcon_core.package_identification:_identify(.) by extension 'colcon_meta'
[0.289s] Level 1:colcon.colcon_core.package_identification:_identify(.) by extensions ['ros']
[0.289s] Level 1:colcon.colcon_core.package_identification:_identify(.) by extension 'ros'
[0.301s] Level 1:colcon.colcon_core.package_identification:_identify(.) by extensions ['cmake', 'python']
[0.301s] Level 1:colcon.colcon_core.package_identification:_identify(.) by extension 'cmake'
[0.301s] Level 1:colcon.colcon_core.package_identification:_identify(.) by extension 'python'
[0.301s] Level 1:colcon.colcon_core.package_identification:_identify(.) by extensions ['python_setup_py']
[0.301s] Level 1:colcon.colcon_core.package_identification:_identify(.) by extension 'python_setup_py'
[0.301s] Level 1:colcon.colcon_core.package_identification:_identify(build) by extensions ['ignore', 'ignore_ament_install']
[0.301s] Level 1:colcon.colcon_core.package_identification:_identify(build) by extension 'ignore'
[0.301s] Level 1:colcon.colcon_core.package_identification:_identify(build) ignored
[0.301s] Level 1:colcon.colcon_core.package_identification:_identify(install) by extensions ['ignore', 'ignore_ament_install']
[0.301s] Level 1:colcon.colcon_core.package_identification:_identify(install) by extension 'ignore'
[0.301s] Level 1:colcon.colcon_core.package_identification:_identify(install) ignored
[0.301s] Level 1:colcon.colcon_core.package_identification:_identify(log) by extensions ['ignore', 'ignore_ament_install']
[0.301s] Level 1:colcon.colcon_core.package_identification:_identify(log) by extension 'ignore'
[0.301s] Level 1:colcon.colcon_core.package_identification:_identify(log) ignored
[0.302s] Level 1:colcon.colcon_core.package_identification:_identify(ros2_ws) by extensions ['ignore', 'ignore_ament_install']
[0.302s] Level 1:colcon.colcon_core.package_identification:_identify(ros2_ws) by extension 'ignore'
[0.302s] Level 1:colcon.colcon_core.package_identification:_identify(ros2_ws) by extension 'ignore_ament_install'
[0.302s] Level 1:colcon.colcon_core.package_identification:_identify(ros2_ws) by extensions ['colcon_pkg']
[0.302s] Level 1:colcon.colcon_core.package_identification:_identify(ros2_ws) by extension 'colcon_pkg'
[0.302s] Level 1:colcon.colcon_core.package_identification:_identify(ros2_ws) by extensions ['colcon_meta']
[0.302s] Level 1:colcon.colcon_core.package_identification:_identify(ros2_ws) by extension 'colcon_meta'
[0.302s] Level 1:colcon.colcon_core.package_identification:_identify(ros2_ws) by extensions ['ros']
[0.302s] Level 1:colcon.colcon_core.package_identification:_identify(ros2_ws) by extension 'ros'
[0.302s] Level 1:colcon.colcon_core.package_identification:_identify(ros2_ws) by extensions ['cmake', 'python']
[0.302s] Level 1:colcon.colcon_core.package_identification:_identify(ros2_ws) by extension 'cmake'
[0.302s] Level 1:colcon.colcon_core.package_identification:_identify(ros2_ws) by extension 'python'
[0.302s] Level 1:colcon.colcon_core.package_identification:_identify(ros2_ws) by extensions ['python_setup_py']
[0.302s] Level 1:colcon.colcon_core.package_identification:_identify(ros2_ws) by extension 'python_setup_py'
[0.302s] Level 1:colcon.colcon_core.package_identification:_identify(ros2_ws/build) by extensions ['ignore', 'ignore_ament_install']
[0.302s] Level 1:colcon.colcon_core.package_identification:_identify(ros2_ws/build) by extension 'ignore'
[0.302s] Level 1:colcon.colcon_core.package_identification:_identify(ros2_ws/build) ignored
[0.302s] Level 1:colcon.colcon_core.package_identification:_identify(ros2_ws/install) by extensions ['ignore', 'ignore_ament_install']
[0.303s] Level 1:colcon.colcon_core.package_identification:_identify(ros2_ws/install) by extension 'ignore'
[0.303s] Level 1:colcon.colcon_core.package_identification:_identify(ros2_ws/install) ignored
[0.303s] Level 1:colcon.colcon_core.package_identification:_identify(ros2_ws/log) by extensions ['ignore', 'ignore_ament_install']
[0.303s] Level 1:colcon.colcon_core.package_identification:_identify(ros2_ws/log) by extension 'ignore'
[0.303s] Level 1:colcon.colcon_core.package_identification:_identify(ros2_ws/log) ignored
[0.303s] Level 1:colcon.colcon_core.package_identification:_identify(ros2_ws/src) by extensions ['ignore', 'ignore_ament_install']
[0.303s] Level 1:colcon.colcon_core.package_identification:_identify(ros2_ws/src) by extension 'ignore'
[0.303s] Level 1:colcon.colcon_core.package_identification:_identify(ros2_ws/src) by extension 'ignore_ament_install'
[0.303s] Level 1:colcon.colcon_core.package_identification:_identify(ros2_ws/src) by extensions ['colcon_pkg']
[0.303s] Level 1:colcon.colcon_core.package_identification:_identify(ros2_ws/src) by extension 'colcon_pkg'
[0.303s] Level 1:colcon.colcon_core.package_identification:_identify(ros2_ws/src) by extensions ['colcon_meta']
[0.303s] Level 1:colcon.colcon_core.package_identification:_identify(ros2_ws/src) by extension 'colcon_meta'
[0.303s] Level 1:colcon.colcon_core.package_identification:_identify(ros2_ws/src) by extensions ['ros']
[0.303s] Level 1:colcon.colcon_core.package_identification:_identify(ros2_ws/src) by extension 'ros'
[0.303s] Level 1:colcon.colcon_core.package_identification:_identify(ros2_ws/src) by extensions ['cmake', 'python']
[0.303s] Level 1:colcon.colcon_core.package_identification:_identify(ros2_ws/src) by extension 'cmake'
[0.303s] Level 1:colcon.colcon_core.package_identification:_identify(ros2_ws/src) by extension 'python'
[0.303s] Level 1:colcon.colcon_core.package_identification:_identify(ros2_ws/src) by extensions ['python_setup_py']
[0.303s] Level 1:colcon.colcon_core.package_identification:_identify(ros2_ws/src) by extension 'python_setup_py'
[0.303s] Level 1:colcon.colcon_core.package_identification:_identify(ros2_ws/src/build) by extensions ['ignore', 'ignore_ament_install']
[0.304s] Level 1:colcon.colcon_core.package_identification:_identify(ros2_ws/src/build) by extension 'ignore'
[0.304s] Level 1:colcon.colcon_core.package_identification:_identify(ros2_ws/src/build) by extension 'ignore_ament_install'
[0.304s] Level 1:colcon.colcon_core.package_identification:_identify(ros2_ws/src/build) by extensions ['colcon_pkg']
[0.304s] Level 1:colcon.colcon_core.package_identification:_identify(ros2_ws/src/build) by extension 'colcon_pkg'
[0.304s] Level 1:colcon.colcon_core.package_identification:_identify(ros2_ws/src/build) by extensions ['colcon_meta']
[0.304s] Level 1:colcon.colcon_core.package_identification:_identify(ros2_ws/src/build) by extension 'colcon_meta'
[0.304s] Level 1:colcon.colcon_core.package_identification:_identify(ros2_ws/src/build) by extensions ['ros']
[0.304s] Level 1:colcon.colcon_core.package_identification:_identify(ros2_ws/src/build) by extension 'ros'
[0.304s] Level 1:colcon.colcon_core.package_identification:_identify(ros2_ws/src/build) by extensions ['cmake', 'python']
[0.304s] Level 1:colcon.colcon_core.package_identification:_identify(ros2_ws/src/build) by extension 'cmake'
[0.304s] Level 1:colcon.colcon_core.package_identification:_identify(ros2_ws/src/build) by extension 'python'
[0.304s] Level 1:colcon.colcon_core.package_identification:_identify(ros2_ws/src/build) by extensions ['python_setup_py']
[0.304s] Level 1:colcon.colcon_core.package_identification:_identify(ros2_ws/src/build) by extension 'python_setup_py'
[0.304s] Level 1:colcon.colcon_core.package_identification:_identify(ros2_ws/src/build/CMakeFiles) by extensions ['ignore', 'ignore_ament_install']
[0.304s] Level 1:colcon.colcon_core.package_identification:_identify(ros2_ws/src/build/CMakeFiles) by extension 'ignore'
[0.304s] Level 1:colcon.colcon_core.package_identification:_identify(ros2_ws/src/build/CMakeFiles) by extension 'ignore_ament_install'
[0.304s] Level 1:colcon.colcon_core.package_identification:_identify(ros2_ws/src/build/CMakeFiles) by extensions ['colcon_pkg']
[0.304s] Level 1:colcon.colcon_core.package_identification:_identify(ros2_ws/src/build/CMakeFiles) by extension 'colcon_pkg'
[0.304s] Level 1:colcon.colcon_core.package_identification:_identify(ros2_ws/src/build/CMakeFiles) by extensions ['colcon_meta']
[0.304s] Level 1:colcon.colcon_core.package_identification:_identify(ros2_ws/src/build/CMakeFiles) by extension 'colcon_meta'
[0.304s] Level 1:colcon.colcon_core.package_identification:_identify(ros2_ws/src/build/CMakeFiles) by extensions ['ros']
[0.304s] Level 1:colcon.colcon_core.package_identification:_identify(ros2_ws/src/build/CMakeFiles) by extension 'ros'
[0.304s] Level 1:colcon.colcon_core.package_identification:_identify(ros2_ws/src/build/CMakeFiles) by extensions ['cmake', 'python']
[0.305s] Level 1:colcon.colcon_core.package_identification:_identify(ros2_ws/src/build/CMakeFiles) by extension 'cmake'
[0.305s] Level 1:colcon.colcon_core.package_identification:_identify(ros2_ws/src/build/CMakeFiles) by extension 'python'
[0.305s] Level 1:colcon.colcon_core.package_identification:_identify(ros2_ws/src/build/CMakeFiles) by extensions ['python_setup_py']
[0.305s] Level 1:colcon.colcon_core.package_identification:_identify(ros2_ws/src/build/CMakeFiles) by extension 'python_setup_py'
[0.305s] Level 1:colcon.colcon_core.package_identification:_identify(ros2_ws/src/build/CMakeFiles/3.22.1) by extensions ['ignore', 'ignore_ament_install']
[0.305s] Level 1:colcon.colcon_core.package_identification:_identify(ros2_ws/src/build/CMakeFiles/3.22.1) by extension 'ignore'
[0.305s] Level 1:colcon.colcon_core.package_identification:_identify(ros2_ws/src/build/CMakeFiles/3.22.1) by extension 'ignore_ament_install'
[0.305s] Level 1:colcon.colcon_core.package_identification:_identify(ros2_ws/src/build/CMakeFiles/3.22.1) by extensions ['colcon_pkg']
[0.305s] Level 1:colcon.colcon_core.package_identification:_identify(ros2_ws/src/build/CMakeFiles/3.22.1) by extension 'colcon_pkg'
[0.305s] Level 1:colcon.colcon_core.package_identification:_identify(ros2_ws/src/build/CMakeFiles/3.22.1) by extensions ['colcon_meta']
[0.305s] Level 1:colcon.colcon_core.package_identification:_identify(ros2_ws/src/build/CMakeFiles/3.22.1) by extension 'colcon_meta'
[0.305s] Level 1:colcon.colcon_core.package_identification:_identify(ros2_ws/src/build/CMakeFiles/3.22.1) by extensions ['ros']
[0.305s] Level 1:colcon.colcon_core.package_identification:_identify(ros2_ws/src/build/CMakeFiles/3.22.1) by extension 'ros'
[0.305s] Level 1:colcon.colcon_core.package_identification:_identify(ros2_ws/src/build/CMakeFiles/3.22.1) by extensions ['cmake', 'python']
[0.305s] Level 1:colcon.colcon_core.package_identification:_identify(ros2_ws/src/build/CMakeFiles/3.22.1) by extension 'cmake'
[0.305s] Level 1:colcon.colcon_core.package_identification:_identify(ros2_ws/src/build/CMakeFiles/3.22.1) by extension 'python'
[0.305s] Level 1:colcon.colcon_core.package_identification:_identify(ros2_ws/src/build/CMakeFiles/3.22.1) by extensions ['python_setup_py']
[0.305s] Level 1:colcon.colcon_core.package_identification:_identify(ros2_ws/src/build/CMakeFiles/3.22.1) by extension 'python_setup_py'
[0.305s] Level 1:colcon.colcon_core.package_identification:_identify(ros2_ws/src/build/CMakeFiles/3.22.1/CompilerIdC) by extensions ['ignore', 'ignore_ament_install']
[0.305s] Level 1:colcon.colcon_core.package_identification:_identify(ros2_ws/src/build/CMakeFiles/3.22.1/CompilerIdC) by extension 'ignore'
[0.305s] Level 1:colcon.colcon_core.package_identification:_identify(ros2_ws/src/build/CMakeFiles/3.22.1/CompilerIdC) by extension 'ignore_ament_install'
[0.306s] Level 1:colcon.colcon_core.package_identification:_identify(ros2_ws/src/build/CMakeFiles/3.22.1/CompilerIdC) by extensions ['colcon_pkg']
[0.306s] Level 1:colcon.colcon_core.package_identification:_identify(ros2_ws/src/build/CMakeFiles/3.22.1/CompilerIdC) by extension 'colcon_pkg'
[0.306s] Level 1:colcon.colcon_core.package_identification:_identify(ros2_ws/src/build/CMakeFiles/3.22.1/CompilerIdC) by extensions ['colcon_meta']
[0.306s] Level 1:colcon.colcon_core.package_identification:_identify(ros2_ws/src/build/CMakeFiles/3.22.1/CompilerIdC) by extension 'colcon_meta'
[0.306s] Level 1:colcon.colcon_core.package_identification:_identify(ros2_ws/src/build/CMakeFiles/3.22.1/CompilerIdC) by extensions ['ros']
[0.306s] Level 1:colcon.colcon_core.package_identification:_identify(ros2_ws/src/build/CMakeFiles/3.22.1/CompilerIdC) by extension 'ros'
[0.306s] Level 1:colcon.colcon_core.package_identification:_identify(ros2_ws/src/build/CMakeFiles/3.22.1/CompilerIdC) by extensions ['cmake', 'python']
[0.306s] Level 1:colcon.colcon_core.package_identification:_identify(ros2_ws/src/build/CMakeFiles/3.22.1/CompilerIdC) by extension 'cmake'
[0.306s] Level 1:colcon.colcon_core.package_identification:_identify(ros2_ws/src/build/CMakeFiles/3.22.1/CompilerIdC) by extension 'python'
[0.306s] Level 1:colcon.colcon_core.package_identification:_identify(ros2_ws/src/build/CMakeFiles/3.22.1/CompilerIdC) by extensions ['python_setup_py']
[0.306s] Level 1:colcon.colcon_core.package_identification:_identify(ros2_ws/src/build/CMakeFiles/3.22.1/CompilerIdC) by extension 'python_setup_py'
[0.306s] Level 1:colcon.colcon_core.package_identification:_identify(ros2_ws/src/build/CMakeFiles/3.22.1/CompilerIdC/tmp) by extensions ['ignore', 'ignore_ament_install']
[0.306s] Level 1:colcon.colcon_core.package_identification:_identify(ros2_ws/src/build/CMakeFiles/3.22.1/CompilerIdC/tmp) by extension 'ignore'
[0.306s] Level 1:colcon.colcon_core.package_identification:_identify(ros2_ws/src/build/CMakeFiles/3.22.1/CompilerIdC/tmp) by extension 'ignore_ament_install'
[0.306s] Level 1:colcon.colcon_core.package_identification:_identify(ros2_ws/src/build/CMakeFiles/3.22.1/CompilerIdC/tmp) by extensions ['colcon_pkg']
[0.306s] Level 1:colcon.colcon_core.package_identification:_identify(ros2_ws/src/build/CMakeFiles/3.22.1/CompilerIdC/tmp) by extension 'colcon_pkg'
[0.306s] Level 1:colcon.colcon_core.package_identification:_identify(ros2_ws/src/build/CMakeFiles/3.22.1/CompilerIdC/tmp) by extensions ['colcon_meta']
[0.306s] Level 1:colcon.colcon_core.package_identification:_identify(ros2_ws/src/build/CMakeFiles/3.22.1/CompilerIdC/tmp) by extension 'colcon_meta'
[0.306s] Level 1:colcon.colcon_core.package_identification:_identify(ros2_ws/src/build/CMakeFiles/3.22.1/CompilerIdC/tmp) by extensions ['ros']
[0.306s] Level 1:colcon.colcon_core.package_identification:_identify(ros2_ws/src/build/CMakeFiles/3.22.1/CompilerIdC/tmp) by extension 'ros'
[0.306s] Level 1:colcon.colcon_core.package_identification:_identify(ros2_ws/src/build/CMakeFiles/3.22.1/CompilerIdC/tmp) by extensions ['cmake', 'python']
[0.306s] Level 1:colcon.colcon_core.package_identification:_identify(ros2_ws/src/build/CMakeFiles/3.22.1/CompilerIdC/tmp) by extension 'cmake'
[0.306s] Level 1:colcon.colcon_core.package_identification:_identify(ros2_ws/src/build/CMakeFiles/3.22.1/CompilerIdC/tmp) by extension 'python'
[0.306s] Level 1:colcon.colcon_core.package_identification:_identify(ros2_ws/src/build/CMakeFiles/3.22.1/CompilerIdC/tmp) by extensions ['python_setup_py']
[0.307s] Level 1:colcon.colcon_core.package_identification:_identify(ros2_ws/src/build/CMakeFiles/3.22.1/CompilerIdC/tmp) by extension 'python_setup_py'
[0.307s] Level 1:colcon.colcon_core.package_identification:_identify(ros2_ws/src/build/CMakeFiles/3.22.1/CompilerIdCXX) by extensions ['ignore', 'ignore_ament_install']
[0.307s] Level 1:colcon.colcon_core.package_identification:_identify(ros2_ws/src/build/CMakeFiles/3.22.1/CompilerIdCXX) by extension 'ignore'
[0.307s] Level 1:colcon.colcon_core.package_identification:_identify(ros2_ws/src/build/CMakeFiles/3.22.1/CompilerIdCXX) by extension 'ignore_ament_install'
[0.307s] Level 1:colcon.colcon_core.package_identification:_identify(ros2_ws/src/build/CMakeFiles/3.22.1/CompilerIdCXX) by extensions ['colcon_pkg']
[0.307s] Level 1:colcon.colcon_core.package_identification:_identify(ros2_ws/src/build/CMakeFiles/3.22.1/CompilerIdCXX) by extension 'colcon_pkg'
[0.307s] Level 1:colcon.colcon_core.package_identification:_identify(ros2_ws/src/build/CMakeFiles/3.22.1/CompilerIdCXX) by extensions ['colcon_meta']
[0.307s] Level 1:colcon.colcon_core.package_identification:_identify(ros2_ws/src/build/CMakeFiles/3.22.1/CompilerIdCXX) by extension 'colcon_meta'
[0.307s] Level 1:colcon.colcon_core.package_identification:_identify(ros2_ws/src/build/CMakeFiles/3.22.1/CompilerIdCXX) by extensions ['ros']
[0.307s] Level 1:colcon.colcon_core.package_identification:_identify(ros2_ws/src/build/CMakeFiles/3.22.1/CompilerIdCXX) by extension 'ros'
[0.307s] Level 1:colcon.colcon_core.package_identification:_identify(ros2_ws/src/build/CMakeFiles/3.22.1/CompilerIdCXX) by extensions ['cmake', 'python']
[0.307s] Level 1:colcon.colcon_core.package_identification:_identify(ros2_ws/src/build/CMakeFiles/3.22.1/CompilerIdCXX) by extension 'cmake'
[0.307s] Level 1:colcon.colcon_core.package_identification:_identify(ros2_ws/src/build/CMakeFiles/3.22.1/CompilerIdCXX) by extension 'python'
[0.307s] Level 1:colcon.colcon_core.package_identification:_identify(ros2_ws/src/build/CMakeFiles/3.22.1/CompilerIdCXX) by extensions ['python_setup_py']
[0.307s] Level 1:colcon.colcon_core.package_identification:_identify(ros2_ws/src/build/CMakeFiles/3.22.1/CompilerIdCXX) by extension 'python_setup_py'
[0.307s] Level 1:colcon.colcon_core.package_identification:_identify(ros2_ws/src/build/CMakeFiles/3.22.1/CompilerIdCXX/tmp) by extensions ['ignore', 'ignore_ament_install']
[0.307s] Level 1:colcon.colcon_core.package_identification:_identify(ros2_ws/src/build/CMakeFiles/3.22.1/CompilerIdCXX/tmp) by extension 'ignore'
[0.307s] Level 1:colcon.colcon_core.package_identification:_identify(ros2_ws/src/build/CMakeFiles/3.22.1/CompilerIdCXX/tmp) by extension 'ignore_ament_install'
[0.307s] Level 1:colcon.colcon_core.package_identification:_identify(ros2_ws/src/build/CMakeFiles/3.22.1/CompilerIdCXX/tmp) by extensions ['colcon_pkg']
[0.307s] Level 1:colcon.colcon_core.package_identification:_identify(ros2_ws/src/build/CMakeFiles/3.22.1/CompilerIdCXX/tmp) by extension 'colcon_pkg'
[0.307s] Level 1:colcon.colcon_core.package_identification:_identify(ros2_ws/src/build/CMakeFiles/3.22.1/CompilerIdCXX/tmp) by extensions ['colcon_meta']
[0.307s] Level 1:colcon.colcon_core.package_identification:_identify(ros2_ws/src/build/CMakeFiles/3.22.1/CompilerIdCXX/tmp) by extension 'colcon_meta'
[0.307s] Level 1:colcon.colcon_core.package_identification:_identify(ros2_ws/src/build/CMakeFiles/3.22.1/CompilerIdCXX/tmp) by extensions ['ros']
[0.307s] Level 1:colcon.colcon_core.package_identification:_identify(ros2_ws/src/build/CMakeFiles/3.22.1/CompilerIdCXX/tmp) by extension 'ros'
[0.308s] Level 1:colcon.colcon_core.package_identification:_identify(ros2_ws/src/build/CMakeFiles/3.22.1/CompilerIdCXX/tmp) by extensions ['cmake', 'python']
[0.308s] Level 1:colcon.colcon_core.package_identification:_identify(ros2_ws/src/build/CMakeFiles/3.22.1/CompilerIdCXX/tmp) by extension 'cmake'
[0.308s] Level 1:colcon.colcon_core.package_identification:_identify(ros2_ws/src/build/CMakeFiles/3.22.1/CompilerIdCXX/tmp) by extension 'python'
[0.308s] Level 1:colcon.colcon_core.package_identification:_identify(ros2_ws/src/build/CMakeFiles/3.22.1/CompilerIdCXX/tmp) by extensions ['python_setup_py']
[0.308s] Level 1:colcon.colcon_core.package_identification:_identify(ros2_ws/src/build/CMakeFiles/3.22.1/CompilerIdCXX/tmp) by extension 'python_setup_py'
[0.308s] Level 1:colcon.colcon_core.package_identification:_identify(ros2_ws/src/build/CMakeFiles/CMakeTmp) by extensions ['ignore', 'ignore_ament_install']
[0.308s] Level 1:colcon.colcon_core.package_identification:_identify(ros2_ws/src/build/CMakeFiles/CMakeTmp) by extension 'ignore'
[0.308s] Level 1:colcon.colcon_core.package_identification:_identify(ros2_ws/src/build/CMakeFiles/CMakeTmp) by extension 'ignore_ament_install'
[0.308s] Level 1:colcon.colcon_core.package_identification:_identify(ros2_ws/src/build/CMakeFiles/CMakeTmp) by extensions ['colcon_pkg']
[0.308s] Level 1:colcon.colcon_core.package_identification:_identify(ros2_ws/src/build/CMakeFiles/CMakeTmp) by extension 'colcon_pkg'
[0.308s] Level 1:colcon.colcon_core.package_identification:_identify(ros2_ws/src/build/CMakeFiles/CMakeTmp) by extensions ['colcon_meta']
[0.308s] Level 1:colcon.colcon_core.package_identification:_identify(ros2_ws/src/build/CMakeFiles/CMakeTmp) by extension 'colcon_meta'
[0.308s] Level 1:colcon.colcon_core.package_identification:_identify(ros2_ws/src/build/CMakeFiles/CMakeTmp) by extensions ['ros']
[0.308s] Level 1:colcon.colcon_core.package_identification:_identify(ros2_ws/src/build/CMakeFiles/CMakeTmp) by extension 'ros'
[0.308s] Level 1:colcon.colcon_core.package_identification:_identify(ros2_ws/src/build/CMakeFiles/CMakeTmp) by extensions ['cmake', 'python']
[0.308s] Level 1:colcon.colcon_core.package_identification:_identify(ros2_ws/src/build/CMakeFiles/CMakeTmp) by extension 'cmake'
[0.308s] Level 1:colcon.colcon_core.package_identification:_identify(ros2_ws/src/build/CMakeFiles/CMakeTmp) by extension 'python'
[0.308s] Level 1:colcon.colcon_core.package_identification:_identify(ros2_ws/src/build/CMakeFiles/CMakeTmp) by extensions ['python_setup_py']
[0.308s] Level 1:colcon.colcon_core.package_identification:_identify(ros2_ws/src/build/CMakeFiles/CMakeTmp) by extension 'python_setup_py'
[0.308s] Level 1:colcon.colcon_core.package_identification:_identify(ros2_ws/src/build/CMakeFiles/chair_robot_uninstall.dir) by extensions ['ignore', 'ignore_ament_install']
[0.308s] Level 1:colcon.colcon_core.package_identification:_identify(ros2_ws/src/build/CMakeFiles/chair_robot_uninstall.dir) by extension 'ignore'
[0.308s] Level 1:colcon.colcon_core.package_identification:_identify(ros2_ws/src/build/CMakeFiles/chair_robot_uninstall.dir) by extension 'ignore_ament_install'
[0.308s] Level 1:colcon.colcon_core.package_identification:_identify(ros2_ws/src/build/CMakeFiles/chair_robot_uninstall.dir) by extensions ['colcon_pkg']
[0.308s] Level 1:colcon.colcon_core.package_identification:_identify(ros2_ws/src/build/CMakeFiles/chair_robot_uninstall.dir) by extension 'colcon_pkg'
[0.309s] Level 1:colcon.colcon_core.package_identification:_identify(ros2_ws/src/build/CMakeFiles/chair_robot_uninstall.dir) by extensions ['colcon_meta']
[0.309s] Level 1:colcon.colcon_core.package_identification:_identify(ros2_ws/src/build/CMakeFiles/chair_robot_uninstall.dir) by extension 'colcon_meta'
[0.309s] Level 1:colcon.colcon_core.package_identification:_identify(ros2_ws/src/build/CMakeFiles/chair_robot_uninstall.dir) by extensions ['ros']
[0.309s] Level 1:colcon.colcon_core.package_identification:_identify(ros2_ws/src/build/CMakeFiles/chair_robot_uninstall.dir) by extension 'ros'
[0.309s] Level 1:colcon.colcon_core.package_identification:_identify(ros2_ws/src/build/CMakeFiles/chair_robot_uninstall.dir) by extensions ['cmake', 'python']
[0.309s] Level 1:colcon.colcon_core.package_identification:_identify(ros2_ws/src/build/CMakeFiles/chair_robot_uninstall.dir) by extension 'cmake'
[0.309s] Level 1:colcon.colcon_core.package_identification:_identify(ros2_ws/src/build/CMakeFiles/chair_robot_uninstall.dir) by extension 'python'
[0.309s] Level 1:colcon.colcon_core.package_identification:_identify(ros2_ws/src/build/CMakeFiles/chair_robot_uninstall.dir) by extensions ['python_setup_py']
[0.309s] Level 1:colcon.colcon_core.package_identification:_identify(ros2_ws/src/build/CMakeFiles/chair_robot_uninstall.dir) by extension 'python_setup_py'
[0.309s] Level 1:colcon.colcon_core.package_identification:_identify(ros2_ws/src/build/CMakeFiles/uninstall.dir) by extensions ['ignore', 'ignore_ament_install']
[0.309s] Level 1:colcon.colcon_core.package_identification:_identify(ros2_ws/src/build/CMakeFiles/uninstall.dir) by extension 'ignore'
[0.309s] Level 1:colcon.colcon_core.package_identification:_identify(ros2_ws/src/build/CMakeFiles/uninstall.dir) by extension 'ignore_ament_install'
[0.309s] Level 1:colcon.colcon_core.package_identification:_identify(ros2_ws/src/build/CMakeFiles/uninstall.dir) by extensions ['colcon_pkg']
[0.309s] Level 1:colcon.colcon_core.package_identification:_identify(ros2_ws/src/build/CMakeFiles/uninstall.dir) by extension 'colcon_pkg'
[0.309s] Level 1:colcon.colcon_core.package_identification:_identify(ros2_ws/src/build/CMakeFiles/uninstall.dir) by extensions ['colcon_meta']
[0.309s] Level 1:colcon.colcon_core.package_identification:_identify(ros2_ws/src/build/CMakeFiles/uninstall.dir) by extension 'colcon_meta'
[0.309s] Level 1:colcon.colcon_core.package_identification:_identify(ros2_ws/src/build/CMakeFiles/uninstall.dir) by extensions ['ros']
[0.309s] Level 1:colcon.colcon_core.package_identification:_identify(ros2_ws/src/build/CMakeFiles/uninstall.dir) by extension 'ros'
[0.309s] Level 1:colcon.colcon_core.package_identification:_identify(ros2_ws/src/build/CMakeFiles/uninstall.dir) by extensions ['cmake', 'python']
[0.309s] Level 1:colcon.colcon_core.package_identification:_identify(ros2_ws/src/build/CMakeFiles/uninstall.dir) by extension 'cmake'
[0.309s] Level 1:colcon.colcon_core.package_identification:_identify(ros2_ws/src/build/CMakeFiles/uninstall.dir) by extension 'python'
[0.309s] Level 1:colcon.colcon_core.package_identification:_identify(ros2_ws/src/build/CMakeFiles/uninstall.dir) by extensions ['python_setup_py']
[0.309s] Level 1:colcon.colcon_core.package_identification:_identify(ros2_ws/src/build/CMakeFiles/uninstall.dir) by extension 'python_setup_py'
[0.309s] Level 1:colcon.colcon_core.package_identification:_identify(ros2_ws/src/build/Testing) by extensions ['ignore', 'ignore_ament_install']
[0.310s] Level 1:colcon.colcon_core.package_identification:_identify(ros2_ws/src/build/Testing) by extension 'ignore'
[0.310s] Level 1:colcon.colcon_core.package_identification:_identify(ros2_ws/src/build/Testing) by extension 'ignore_ament_install'
[0.310s] Level 1:colcon.colcon_core.package_identification:_identify(ros2_ws/src/build/Testing) by extensions ['colcon_pkg']
[0.310s] Level 1:colcon.colcon_core.package_identification:_identify(ros2_ws/src/build/Testing) by extension 'colcon_pkg'
[0.310s] Level 1:colcon.colcon_core.package_identification:_identify(ros2_ws/src/build/Testing) by extensions ['colcon_meta']
[0.310s] Level 1:colcon.colcon_core.package_identification:_identify(ros2_ws/src/build/Testing) by extension 'colcon_meta'
[0.310s] Level 1:colcon.colcon_core.package_identification:_identify(ros2_ws/src/build/Testing) by extensions ['ros']
[0.310s] Level 1:colcon.colcon_core.package_identification:_identify(ros2_ws/src/build/Testing) by extension 'ros'
[0.310s] Level 1:colcon.colcon_core.package_identification:_identify(ros2_ws/src/build/Testing) by extensions ['cmake', 'python']
[0.310s] Level 1:colcon.colcon_core.package_identification:_identify(ros2_ws/src/build/Testing) by extension 'cmake'
[0.310s] Level 1:colcon.colcon_core.package_identification:_identify(ros2_ws/src/build/Testing) by extension 'python'
[0.310s] Level 1:colcon.colcon_core.package_identification:_identify(ros2_ws/src/build/Testing) by extensions ['python_setup_py']
[0.310s] Level 1:colcon.colcon_core.package_identification:_identify(ros2_ws/src/build/Testing) by extension 'python_setup_py'
[0.310s] Level 1:colcon.colcon_core.package_identification:_identify(ros2_ws/src/build/Testing/20251102-0028) by extensions ['ignore', 'ignore_ament_install']
[0.310s] Level 1:colcon.colcon_core.package_identification:_identify(ros2_ws/src/build/Testing/20251102-0028) by extension 'ignore'
[0.310s] Level 1:colcon.colcon_core.package_identification:_identify(ros2_ws/src/build/Testing/20251102-0028) by extension 'ignore_ament_install'
[0.310s] Level 1:colcon.colcon_core.package_identification:_identify(ros2_ws/src/build/Testing/20251102-0028) by extensions ['colcon_pkg']
[0.310s] Level 1:colcon.colcon_core.package_identification:_identify(ros2_ws/src/build/Testing/20251102-0028) by extension 'colcon_pkg'
[0.310s] Level 1:colcon.colcon_core.package_identification:_identify(ros2_ws/src/build/Testing/20251102-0028) by extensions ['colcon_meta']
[0.310s] Level 1:colcon.colcon_core.package_identification:_identify(ros2_ws/src/build/Testing/20251102-0028) by extension 'colcon_meta'
[0.310s] Level 1:colcon.colcon_core.package_identification:_identify(ros2_ws/src/build/Testing/20251102-0028) by extensions ['ros']
[0.310s] Level 1:colcon.colcon_core.package_identification:_identify(ros2_ws/src/build/Testing/20251102-0028) by extension 'ros'
[0.310s] Level 1:colcon.colcon_core.package_identification:_identify(ros2_ws/src/build/Testing/20251102-0028) by extensions ['cmake', 'python']
[0.310s] Level 1:colcon.colcon_core.package_identification:_identify(ros2_ws/src/build/Testing/20251102-0028) by extension 'cmake'
[0.310s] Level 1:colcon.colcon_core.package_identification:_identify(ros2_ws/src/build/Testing/20251102-0028) by extension 'python'
[0.310s] Level 1:colcon.colcon_core.package_identification:_identify(ros2_ws/src/build/Testing/20251102-0028) by extensions ['python_setup_py']
[0.310s] Level 1:colcon.colcon_core.package_identification:_identify(ros2_ws/src/build/Testing/20251102-0028) by extension 'python_setup_py'
[0.311s] Level 1:colcon.colcon_core.package_identification:_identify(ros2_ws/src/build/Testing/Temporary) by extensions ['ignore', 'ignore_ament_install']
[0.311s] Level 1:colcon.colcon_core.package_identification:_identify(ros2_ws/src/build/Testing/Temporary) by extension 'ignore'
[0.311s] Level 1:colcon.colcon_core.package_identification:_identify(ros2_ws/src/build/Testing/Temporary) by extension 'ignore_ament_install'
[0.311s] Level 1:colcon.colcon_core.package_identification:_identify(ros2_ws/src/build/Testing/Temporary) by extensions ['colcon_pkg']
[0.311s] Level 1:colcon.colcon_core.package_identification:_identify(ros2_ws/src/build/Testing/Temporary) by extension 'colcon_pkg'
[0.311s] Level 1:colcon.colcon_core.package_identification:_identify(ros2_ws/src/build/Testing/Temporary) by extensions ['colcon_meta']
[0.311s] Level 1:colcon.colcon_core.package_identification:_identify(ros2_ws/src/build/Testing/Temporary) by extension 'colcon_meta'
[0.311s] Level 1:colcon.colcon_core.package_identification:_identify(ros2_ws/src/build/Testing/Temporary) by extensions ['ros']
[0.311s] Level 1:colcon.colcon_core.package_identification:_identify(ros2_ws/src/build/Testing/Temporary) by extension 'ros'
[0.311s] Level 1:colcon.colcon_core.package_identification:_identify(ros2_ws/src/build/Testing/Temporary) by extensions ['cmake', 'python']
[0.311s] Level 1:colcon.colcon_core.package_identification:_identify(ros2_ws/src/build/Testing/Temporary) by extension 'cmake'
[0.311s] Level 1:colcon.colcon_core.package_identification:_identify(ros2_ws/src/build/Testing/Temporary) by extension 'python'
[0.311s] Level 1:colcon.colcon_core.package_identification:_identify(ros2_ws/src/build/Testing/Temporary) by extensions ['python_setup_py']
[0.311s] Level 1:colcon.colcon_core.package_identification:_identify(ros2_ws/src/build/Testing/Temporary) by extension 'python_setup_py'
[0.311s] Level 1:colcon.colcon_core.package_identification:_identify(ros2_ws/src/build/ament_cmake_core) by extensions ['ignore', 'ignore_ament_install']
[0.311s] Level 1:colcon.colcon_core.package_identification:_identify(ros2_ws/src/build/ament_cmake_core) by extension 'ignore'
[0.311s] Level 1:colcon.colcon_core.package_identification:_identify(ros2_ws/src/build/ament_cmake_core) by extension 'ignore_ament_install'
[0.311s] Level 1:colcon.colcon_core.package_identification:_identify(ros2_ws/src/build/ament_cmake_core) by extensions ['colcon_pkg']
[0.311s] Level 1:colcon.colcon_core.package_identification:_identify(ros2_ws/src/build/ament_cmake_core) by extension 'colcon_pkg'
[0.311s] Level 1:colcon.colcon_core.package_identification:_identify(ros2_ws/src/build/ament_cmake_core) by extensions ['colcon_meta']
[0.311s] Level 1:colcon.colcon_core.package_identification:_identify(ros2_ws/src/build/ament_cmake_core) by extension 'colcon_meta'
[0.311s] Level 1:colcon.colcon_core.package_identification:_identify(ros2_ws/src/build/ament_cmake_core) by extensions ['ros']
[0.311s] Level 1:colcon.colcon_core.package_identification:_identify(ros2_ws/src/build/ament_cmake_core) by extension 'ros'
[0.311s] Level 1:colcon.colcon_core.package_identification:_identify(ros2_ws/src/build/ament_cmake_core) by extensions ['cmake', 'python']
[0.312s] Level 1:colcon.colcon_core.package_identification:_identify(ros2_ws/src/build/ament_cmake_core) by extension 'cmake'
[0.312s] Level 1:colcon.colcon_core.package_identification:_identify(ros2_ws/src/build/ament_cmake_core) by extension 'python'
[0.312s] Level 1:colcon.colcon_core.package_identification:_identify(ros2_ws/src/build/ament_cmake_core) by extensions ['python_setup_py']
[0.312s] Level 1:colcon.colcon_core.package_identification:_identify(ros2_ws/src/build/ament_cmake_core) by extension 'python_setup_py'
[0.312s] Level 1:colcon.colcon_core.package_identification:_identify(ros2_ws/src/build/ament_cmake_core/stamps) by extensions ['ignore', 'ignore_ament_install']
[0.312s] Level 1:colcon.colcon_core.package_identification:_identify(ros2_ws/src/build/ament_cmake_core/stamps) by extension 'ignore'
[0.312s] Level 1:colcon.colcon_core.package_identification:_identify(ros2_ws/src/build/ament_cmake_core/stamps) by extension 'ignore_ament_install'
[0.312s] Level 1:colcon.colcon_core.package_identification:_identify(ros2_ws/src/build/ament_cmake_core/stamps) by extensions ['colcon_pkg']
[0.312s] Level 1:colcon.colcon_core.package_identification:_identify(ros2_ws/src/build/ament_cmake_core/stamps) by extension 'colcon_pkg'
[0.312s] Level 1:colcon.colcon_core.package_identification:_identify(ros2_ws/src/build/ament_cmake_core/stamps) by extensions ['colcon_meta']
[0.312s] Level 1:colcon.colcon_core.package_identification:_identify(ros2_ws/src/build/ament_cmake_core/stamps) by extension 'colcon_meta'
[0.312s] Level 1:colcon.colcon_core.package_identification:_identify(ros2_ws/src/build/ament_cmake_core/stamps) by extensions ['ros']
[0.312s] Level 1:colcon.colcon_core.package_identification:_identify(ros2_ws/src/build/ament_cmake_core/stamps) by extension 'ros'
[0.312s] Level 1:colcon.colcon_core.package_identification:_identify(ros2_ws/src/build/ament_cmake_core/stamps) by extensions ['cmake', 'python']
[0.312s] Level 1:colcon.colcon_core.package_identification:_identify(ros2_ws/src/build/ament_cmake_core/stamps) by extension 'cmake'
[0.312s] Level 1:colcon.colcon_core.package_identification:_identify(ros2_ws/src/build/ament_cmake_core/stamps) by extension 'python'
[0.312s] Level 1:colcon.colcon_core.package_identification:_identify(ros2_ws/src/build/ament_cmake_core/stamps) by extensions ['python_setup_py']
[0.312s] Level 1:colcon.colcon_core.package_identification:_identify(ros2_ws/src/build/ament_cmake_core/stamps) by extension 'python_setup_py'
[0.312s] Level 1:colcon.colcon_core.package_identification:_identify(ros2_ws/src/build/ament_cmake_environment_hooks) by extensions ['ignore', 'ignore_ament_install']
[0.312s] Level 1:colcon.colcon_core.package_identification:_identify(ros2_ws/src/build/ament_cmake_environment_hooks) by extension 'ignore'
[0.312s] Level 1:colcon.colcon_core.package_identification:_identify(ros2_ws/src/build/ament_cmake_environment_hooks) by extension 'ignore_ament_install'
[0.312s] Level 1:colcon.colcon_core.package_identification:_identify(ros2_ws/src/build/ament_cmake_environment_hooks) by extensions ['colcon_pkg']
[0.312s] Level 1:colcon.colcon_core.package_identification:_identify(ros2_ws/src/build/ament_cmake_environment_hooks) by extension 'colcon_pkg'
[0.312s] Level 1:colcon.colcon_core.package_identification:_identify(ros2_ws/src/build/ament_cmake_environment_hooks) by extensions ['colcon_meta']
[0.313s] Level 1:colcon.colcon_core.package_identification:_identify(ros2_ws/src/build/ament_cmake_environment_hooks) by extension 'colcon_meta'
[0.313s] Level 1:colcon.colcon_core.package_identification:_identify(ros2_ws/src/build/ament_cmake_environment_hooks) by extensions ['ros']
[0.313s] Level 1:colcon.colcon_core.package_identification:_identify(ros2_ws/src/build/ament_cmake_environment_hooks) by extension 'ros'
[0.313s] Level 1:colcon.colcon_core.package_identification:_identify(ros2_ws/src/build/ament_cmake_environment_hooks) by extensions ['cmake', 'python']
[0.313s] Level 1:colcon.colcon_core.package_identification:_identify(ros2_ws/src/build/ament_cmake_environment_hooks) by extension 'cmake'
[0.313s] Level 1:colcon.colcon_core.package_identification:_identify(ros2_ws/src/build/ament_cmake_environment_hooks) by extension 'python'
[0.313s] Level 1:colcon.colcon_core.package_identification:_identify(ros2_ws/src/build/ament_cmake_environment_hooks) by extensions ['python_setup_py']
[0.313s] Level 1:colcon.colcon_core.package_identification:_identify(ros2_ws/src/build/ament_cmake_environment_hooks) by extension 'python_setup_py'
[0.313s] Level 1:colcon.colcon_core.package_identification:_identify(ros2_ws/src/build/ament_cmake_index) by extensions ['ignore', 'ignore_ament_install']
[0.313s] Level 1:colcon.colcon_core.package_identification:_identify(ros2_ws/src/build/ament_cmake_index) by extension 'ignore'
[0.313s] Level 1:colcon.colcon_core.package_identification:_identify(ros2_ws/src/build/ament_cmake_index) by extension 'ignore_ament_install'
[0.313s] Level 1:colcon.colcon_core.package_identification:_identify(ros2_ws/src/build/ament_cmake_index) by extensions ['colcon_pkg']
[0.313s] Level 1:colcon.colcon_core.package_identification:_identify(ros2_ws/src/build/ament_cmake_index) by extension 'colcon_pkg'
[0.313s] Level 1:colcon.colcon_core.package_identification:_identify(ros2_ws/src/build/ament_cmake_index) by extensions ['colcon_meta']
[0.313s] Level 1:colcon.colcon_core.package_identification:_identify(ros2_ws/src/build/ament_cmake_index) by extension 'colcon_meta'
[0.313s] Level 1:colcon.colcon_core.package_identification:_identify(ros2_ws/src/build/ament_cmake_index) by extensions ['ros']
[0.313s] Level 1:colcon.colcon_core.package_identification:_identify(ros2_ws/src/build/ament_cmake_index) by extension 'ros'
[0.313s] Level 1:colcon.colcon_core.package_identification:_identify(ros2_ws/src/build/ament_cmake_index) by extensions ['cmake', 'python']
[0.313s] Level 1:colcon.colcon_core.package_identification:_identify(ros2_ws/src/build/ament_cmake_index) by extension 'cmake'
[0.313s] Level 1:colcon.colcon_core.package_identification:_identify(ros2_ws/src/build/ament_cmake_index) by extension 'python'
[0.313s] Level 1:colcon.colcon_core.package_identification:_identify(ros2_ws/src/build/ament_cmake_index) by extensions ['python_setup_py']
[0.313s] Level 1:colcon.colcon_core.package_identification:_identify(ros2_ws/src/build/ament_cmake_index) by extension 'python_setup_py'
[0.313s] Level 1:colcon.colcon_core.package_identification:_identify(ros2_ws/src/build/ament_cmake_index/share) by extensions ['ignore', 'ignore_ament_install']
[0.313s] Level 1:colcon.colcon_core.package_identification:_identify(ros2_ws/src/build/ament_cmake_index/share) by extension 'ignore'
[0.313s] Level 1:colcon.colcon_core.package_identification:_identify(ros2_ws/src/build/ament_cmake_index/share) by extension 'ignore_ament_install'
[0.314s] Level 1:colcon.colcon_core.package_identification:_identify(ros2_ws/src/build/ament_cmake_index/share) by extensions ['colcon_pkg']
[0.314s] Level 1:colcon.colcon_core.package_identification:_identify(ros2_ws/src/build/ament_cmake_index/share) by extension 'colcon_pkg'
[0.314s] Level 1:colcon.colcon_core.package_identification:_identify(ros2_ws/src/build/ament_cmake_index/share) by extensions ['colcon_meta']
[0.314s] Level 1:colcon.colcon_core.package_identification:_identify(ros2_ws/src/build/ament_cmake_index/share) by extension 'colcon_meta'
[0.314s] Level 1:colcon.colcon_core.package_identification:_identify(ros2_ws/src/build/ament_cmake_index/share) by extensions ['ros']
[0.314s] Level 1:colcon.colcon_core.package_identification:_identify(ros2_ws/src/build/ament_cmake_index/share) by extension 'ros'
[0.314s] Level 1:colcon.colcon_core.package_identification:_identify(ros2_ws/src/build/ament_cmake_index/share) by extensions ['cmake', 'python']
[0.314s] Level 1:colcon.colcon_core.package_identification:_identify(ros2_ws/src/build/ament_cmake_index/share) by extension 'cmake'
[0.314s] Level 1:colcon.colcon_core.package_identification:_identify(ros2_ws/src/build/ament_cmake_index/share) by extension 'python'
[0.314s] Level 1:colcon.colcon_core.package_identification:_identify(ros2_ws/src/build/ament_cmake_index/share) by extensions ['python_setup_py']
[0.314s] Level 1:colcon.colcon_core.package_identification:_identify(ros2_ws/src/build/ament_cmake_index/share) by extension 'python_setup_py'
[0.314s] Level 1:colcon.colcon_core.package_identification:_identify(ros2_ws/src/build/ament_cmake_index/share/ament_index) by extensions ['ignore', 'ignore_ament_install']
[0.314s] Level 1:colcon.colcon_core.package_identification:_identify(ros2_ws/src/build/ament_cmake_index/share/ament_index) by extension 'ignore'
[0.314s] Level 1:colcon.colcon_core.package_identification:_identify(ros2_ws/src/build/ament_cmake_index/share/ament_index) by extension 'ignore_ament_install'
[0.314s] Level 1:colcon.colcon_core.package_identification:_identify(ros2_ws/src/build/ament_cmake_index/share/ament_index) by extensions ['colcon_pkg']
[0.314s] Level 1:colcon.colcon_core.package_identification:_identify(ros2_ws/src/build/ament_cmake_index/share/ament_index) by extension 'colcon_pkg'
[0.314s] Level 1:colcon.colcon_core.package_identification:_identify(ros2_ws/src/build/ament_cmake_index/share/ament_index) by extensions ['colcon_meta']
[0.314s] Level 1:colcon.colcon_core.package_identification:_identify(ros2_ws/src/build/ament_cmake_index/share/ament_index) by extension 'colcon_meta'
[0.314s] Level 1:colcon.colcon_core.package_identification:_identify(ros2_ws/src/build/ament_cmake_index/share/ament_index) by extensions ['ros']
[0.314s] Level 1:colcon.colcon_core.package_identification:_identify(ros2_ws/src/build/ament_cmake_index/share/ament_index) by extension 'ros'
[0.314s] Level 1:colcon.colcon_core.package_identification:_identify(ros2_ws/src/build/ament_cmake_index/share/ament_index) by extensions ['cmake', 'python']
[0.314s] Level 1:colcon.colcon_core.package_identification:_identify(ros2_ws/src/build/ament_cmake_index/share/ament_index) by extension 'cmake'
[0.314s] Level 1:colcon.colcon_core.package_identification:_identify(ros2_ws/src/build/ament_cmake_index/share/ament_index) by extension 'python'
[0.314s] Level 1:colcon.colcon_core.package_identification:_identify(ros2_ws/src/build/ament_cmake_index/share/ament_index) by extensions ['python_setup_py']
[0.314s] Level 1:colcon.colcon_core.package_identification:_identify(ros2_ws/src/build/ament_cmake_index/share/ament_index) by extension 'python_setup_py'
[0.315s] Level 1:colcon.colcon_core.package_identification:_identify(ros2_ws/src/build/ament_cmake_index/share/ament_index/resource_index) by extensions ['ignore', 'ignore_ament_install']
[0.315s] Level 1:colcon.colcon_core.package_identification:_identify(ros2_ws/src/build/ament_cmake_index/share/ament_index/resource_index) by extension 'ignore'
[0.315s] Level 1:colcon.colcon_core.package_identification:_identify(ros2_ws/src/build/ament_cmake_index/share/ament_index/resource_index) by extension 'ignore_ament_install'
[0.315s] Level 1:colcon.colcon_core.package_identification:_identify(ros2_ws/src/build/ament_cmake_index/share/ament_index/resource_index) by extensions ['colcon_pkg']
[0.315s] Level 1:colcon.colcon_core.package_identification:_identify(ros2_ws/src/build/ament_cmake_index/share/ament_index/resource_index) by extension 'colcon_pkg'
[0.315s] Level 1:colcon.colcon_core.package_identification:_identify(ros2_ws/src/build/ament_cmake_index/share/ament_index/resource_index) by extensions ['colcon_meta']
[0.315s] Level 1:colcon.colcon_core.package_identification:_identify(ros2_ws/src/build/ament_cmake_index/share/ament_index/resource_index) by extension 'colcon_meta'
[0.315s] Level 1:colcon.colcon_core.package_identification:_identify(ros2_ws/src/build/ament_cmake_index/share/ament_index/resource_index) by extensions ['ros']
[0.315s] Level 1:colcon.colcon_core.package_identification:_identify(ros2_ws/src/build/ament_cmake_index/share/ament_index/resource_index) by extension 'ros'
[0.315s] Level 1:colcon.colcon_core.package_identification:_identify(ros2_ws/src/build/ament_cmake_index/share/ament_index/resource_index) by extensions ['cmake', 'python']
[0.315s] Level 1:colcon.colcon_core.package_identification:_identify(ros2_ws/src/build/ament_cmake_index/share/ament_index/resource_index) by extension 'cmake'
[0.315s] Level 1:colcon.colcon_core.package_identification:_identify(ros2_ws/src/build/ament_cmake_index/share/ament_index/resource_index) by extension 'python'
[0.315s] Level 1:colcon.colcon_core.package_identification:_identify(ros2_ws/src/build/ament_cmake_index/share/ament_index/resource_index) by extensions ['python_setup_py']
[0.315s] Level 1:colcon.colcon_core.package_identification:_identify(ros2_ws/src/build/ament_cmake_index/share/ament_index/resource_index) by extension 'python_setup_py'
[0.315s] Level 1:colcon.colcon_core.package_identification:_identify(ros2_ws/src/build/ament_cmake_index/share/ament_index/resource_index/package_run_dependencies) by extensions ['ignore', 'ignore_ament_install']
[0.315s] Level 1:colcon.colcon_core.package_identification:_identify(ros2_ws/src/build/ament_cmake_index/share/ament_index/resource_index/package_run_dependencies) by extension 'ignore'
[0.315s] Level 1:colcon.colcon_core.package_identification:_identify(ros2_ws/src/build/ament_cmake_index/share/ament_index/resource_index/package_run_dependencies) by extension 'ignore_ament_install'
[0.315s] Level 1:colcon.colcon_core.package_identification:_identify(ros2_ws/src/build/ament_cmake_index/share/ament_index/resource_index/package_run_dependencies) by extensions ['colcon_pkg']
[0.315s] Level 1:colcon.colcon_core.package_identification:_identify(ros2_ws/src/build/ament_cmake_index/share/ament_index/resource_index/package_run_dependencies) by extension 'colcon_pkg'
[0.315s] Level 1:colcon.colcon_core.package_identification:_identify(ros2_ws/src/build/ament_cmake_index/share/ament_index/resource_index/package_run_dependencies) by extensions ['colcon_meta']
[0.315s] Level 1:colcon.colcon_core.package_identification:_identify(ros2_ws/src/build/ament_cmake_index/share/ament_index/resource_index/package_run_dependencies) by extension 'colcon_meta'
[0.315s] Level 1:colcon.colcon_core.package_identification:_identify(ros2_ws/src/build/ament_cmake_index/share/ament_index/resource_index/package_run_dependencies) by extensions ['ros']
[0.315s] Level 1:colcon.colcon_core.package_identification:_identify(ros2_ws/src/build/ament_cmake_index/share/ament_index/resource_index/package_run_dependencies) by extension 'ros'
[0.316s] Level 1:colcon.colcon_core.package_identification:_identify(ros2_ws/src/build/ament_cmake_index/share/ament_index/resource_index/package_run_dependencies) by extensions ['cmake', 'python']
[0.316s] Level 1:colcon.colcon_core.package_identification:_identify(ros2_ws/src/build/ament_cmake_index/share/ament_index/resource_index/package_run_dependencies) by extension 'cmake'
[0.316s] Level 1:colcon.colcon_core.package_identification:_identify(ros2_ws/src/build/ament_cmake_index/share/ament_index/resource_index/package_run_dependencies) by extension 'python'
[0.316s] Level 1:colcon.colcon_core.package_identification:_identify(ros2_ws/src/build/ament_cmake_index/share/ament_index/resource_index/package_run_dependencies) by extensions ['python_setup_py']
[0.316s] Level 1:colcon.colcon_core.package_identification:_identify(ros2_ws/src/build/ament_cmake_index/share/ament_index/resource_index/package_run_dependencies) by extension 'python_setup_py'
[0.316s] Level 1:colcon.colcon_core.package_identification:_identify(ros2_ws/src/build/ament_cmake_index/share/ament_index/resource_index/packages) by extensions ['ignore', 'ignore_ament_install']
[0.316s] Level 1:colcon.colcon_core.package_identification:_identify(ros2_ws/src/build/ament_cmake_index/share/ament_index/resource_index/packages) by extension 'ignore'
[0.316s] Level 1:colcon.colcon_core.package_identification:_identify(ros2_ws/src/build/ament_cmake_index/share/ament_index/resource_index/packages) by extension 'ignore_ament_install'
[0.316s] Level 1:colcon.colcon_core.package_identification:_identify(ros2_ws/src/build/ament_cmake_index/share/ament_index/resource_index/packages) by extensions ['colcon_pkg']
[0.316s] Level 1:colcon.colcon_core.package_identification:_identify(ros2_ws/src/build/ament_cmake_index/share/ament_index/resource_index/packages) by extension 'colcon_pkg'
[0.316s] Level 1:colcon.colcon_core.package_identification:_identify(ros2_ws/src/build/ament_cmake_index/share/ament_index/resource_index/packages) by extensions ['colcon_meta']
[0.316s] Level 1:colcon.colcon_core.package_identification:_identify(ros2_ws/src/build/ament_cmake_index/share/ament_index/resource_index/packages) by extension 'colcon_meta'
[0.316s] Level 1:colcon.colcon_core.package_identification:_identify(ros2_ws/src/build/ament_cmake_index/share/ament_index/resource_index/packages) by extensions ['ros']
[0.316s] Level 1:colcon.colcon_core.package_identification:_identify(ros2_ws/src/build/ament_cmake_index/share/ament_index/resource_index/packages) by extension 'ros'
[0.316s] Level 1:colcon.colcon_core.package_identification:_identify(ros2_ws/src/build/ament_cmake_index/share/ament_index/resource_index/packages) by extensions ['cmake', 'python']
[0.316s] Level 1:colcon.colcon_core.package_identification:_identify(ros2_ws/src/build/ament_cmake_index/share/ament_index/resource_index/packages) by extension 'cmake'
[0.316s] Level 1:colcon.colcon_core.package_identification:_identify(ros2_ws/src/build/ament_cmake_index/share/ament_index/resource_index/packages) by extension 'python'
[0.316s] Level 1:colcon.colcon_core.package_identification:_identify(ros2_ws/src/build/ament_cmake_index/share/ament_index/resource_index/packages) by extensions ['python_setup_py']
[0.316s] Level 1:colcon.colcon_core.package_identification:_identify(ros2_ws/src/build/ament_cmake_index/share/ament_index/resource_index/packages) by extension 'python_setup_py'
[0.316s] Level 1:colcon.colcon_core.package_identification:_identify(ros2_ws/src/build/ament_cmake_index/share/ament_index/resource_index/parent_prefix_path) by extensions ['ignore', 'ignore_ament_install']
[0.316s] Level 1:colcon.colcon_core.package_identification:_identify(ros2_ws/src/build/ament_cmake_index/share/ament_index/resource_index/parent_prefix_path) by extension 'ignore'
[0.316s] Level 1:colcon.colcon_core.package_identification:_identify(ros2_ws/src/build/ament_cmake_index/share/ament_index/resource_index/parent_prefix_path) by extension 'ignore_ament_install'
[0.316s] Level 1:colcon.colcon_core.package_identification:_identify(ros2_ws/src/build/ament_cmake_index/share/ament_index/resource_index/parent_prefix_path) by extensions ['colcon_pkg']
[0.316s] Level 1:colcon.colcon_core.package_identification:_identify(ros2_ws/src/build/ament_cmake_index/share/ament_index/resource_index/parent_prefix_path) by extension 'colcon_pkg'
[0.317s] Level 1:colcon.colcon_core.package_identification:_identify(ros2_ws/src/build/ament_cmake_index/share/ament_index/resource_index/parent_prefix_path) by extensions ['colcon_meta']
[0.317s] Level 1:colcon.colcon_core.package_identification:_identify(ros2_ws/src/build/ament_cmake_index/share/ament_index/resource_index/parent_prefix_path) by extension 'colcon_meta'
[0.317s] Level 1:colcon.colcon_core.package_identification:_identify(ros2_ws/src/build/ament_cmake_index/share/ament_index/resource_index/parent_prefix_path) by extensions ['ros']
[0.317s] Level 1:colcon.colcon_core.package_identification:_identify(ros2_ws/src/build/ament_cmake_index/share/ament_index/resource_index/parent_prefix_path) by extension 'ros'
[0.317s] Level 1:colcon.colcon_core.package_identification:_identify(ros2_ws/src/build/ament_cmake_index/share/ament_index/resource_index/parent_prefix_path) by extensions ['cmake', 'python']
[0.317s] Level 1:colcon.colcon_core.package_identification:_identify(ros2_ws/src/build/ament_cmake_index/share/ament_index/resource_index/parent_prefix_path) by extension 'cmake'
[0.317s] Level 1:colcon.colcon_core.package_identification:_identify(ros2_ws/src/build/ament_cmake_index/share/ament_index/resource_index/parent_prefix_path) by extension 'python'
[0.317s] Level 1:colcon.colcon_core.package_identification:_identify(ros2_ws/src/build/ament_cmake_index/share/ament_index/resource_index/parent_prefix_path) by extensions ['python_setup_py']
[0.317s] Level 1:colcon.colcon_core.package_identification:_identify(ros2_ws/src/build/ament_cmake_index/share/ament_index/resource_index/parent_prefix_path) by extension 'python_setup_py'
[0.317s] Level 1:colcon.colcon_core.package_identification:_identify(ros2_ws/src/build/ament_cmake_package_templates) by extensions ['ignore', 'ignore_ament_install']
[0.317s] Level 1:colcon.colcon_core.package_identification:_identify(ros2_ws/src/build/ament_cmake_package_templates) by extension 'ignore'
[0.317s] Level 1:colcon.colcon_core.package_identification:_identify(ros2_ws/src/build/ament_cmake_package_templates) by extension 'ignore_ament_install'
[0.317s] Level 1:colcon.colcon_core.package_identification:_identify(ros2_ws/src/build/ament_cmake_package_templates) by extensions ['colcon_pkg']
[0.317s] Level 1:colcon.colcon_core.package_identification:_identify(ros2_ws/src/build/ament_cmake_package_templates) by extension 'colcon_pkg'
[0.317s] Level 1:colcon.colcon_core.package_identification:_identify(ros2_ws/src/build/ament_cmake_package_templates) by extensions ['colcon_meta']
[0.317s] Level 1:colcon.colcon_core.package_identification:_identify(ros2_ws/src/build/ament_cmake_package_templates) by extension 'colcon_meta'
[0.317s] Level 1:colcon.colcon_core.package_identification:_identify(ros2_ws/src/build/ament_cmake_package_templates) by extensions ['ros']
[0.317s] Level 1:colcon.colcon_core.package_identification:_identify(ros2_ws/src/build/ament_cmake_package_templates) by extension 'ros'
[0.317s] Level 1:colcon.colcon_core.package_identification:_identify(ros2_ws/src/build/ament_cmake_package_templates) by extensions ['cmake', 'python']
[0.317s] Level 1:colcon.colcon_core.package_identification:_identify(ros2_ws/src/build/ament_cmake_package_templates) by extension 'cmake'
[0.317s] Level 1:colcon.colcon_core.package_identification:_identify(ros2_ws/src/build/ament_cmake_package_templates) by extension 'python'
[0.317s] Level 1:colcon.colcon_core.package_identification:_identify(ros2_ws/src/build/ament_cmake_package_templates) by extensions ['python_setup_py']
[0.317s] Level 1:colcon.colcon_core.package_identification:_identify(ros2_ws/src/build/ament_cmake_package_templates) by extension 'python_setup_py'
[0.317s] Level 1:colcon.colcon_core.package_identification:_identify(ros2_ws/src/build/ament_cmake_uninstall_target) by extensions ['ignore', 'ignore_ament_install']
[0.318s] Level 1:colcon.colcon_core.package_identification:_identify(ros2_ws/src/build/ament_cmake_uninstall_target) by extension 'ignore'
[0.318s] Level 1:colcon.colcon_core.package_identification:_identify(ros2_ws/src/build/ament_cmake_uninstall_target) by extension 'ignore_ament_install'
[0.318s] Level 1:colcon.colcon_core.package_identification:_identify(ros2_ws/src/build/ament_cmake_uninstall_target) by extensions ['colcon_pkg']
[0.318s] Level 1:colcon.colcon_core.package_identification:_identify(ros2_ws/src/build/ament_cmake_uninstall_target) by extension 'colcon_pkg'
[0.318s] Level 1:colcon.colcon_core.package_identification:_identify(ros2_ws/src/build/ament_cmake_uninstall_target) by extensions ['colcon_meta']
[0.318s] Level 1:colcon.colcon_core.package_identification:_identify(ros2_ws/src/build/ament_cmake_uninstall_target) by extension 'colcon_meta'
[0.318s] Level 1:colcon.colcon_core.package_identification:_identify(ros2_ws/src/build/ament_cmake_uninstall_target) by extensions ['ros']
[0.318s] Level 1:colcon.colcon_core.package_identification:_identify(ros2_ws/src/build/ament_cmake_uninstall_target) by extension 'ros'
[0.318s] Level 1:colcon.colcon_core.package_identification:_identify(ros2_ws/src/build/ament_cmake_uninstall_target) by extensions ['cmake', 'python']
[0.318s] Level 1:colcon.colcon_core.package_identification:_identify(ros2_ws/src/build/ament_cmake_uninstall_target) by extension 'cmake'
[0.318s] Level 1:colcon.colcon_core.package_identification:_identify(ros2_ws/src/build/ament_cmake_uninstall_target) by extension 'python'
[0.318s] Level 1:colcon.colcon_core.package_identification:_identify(ros2_ws/src/build/ament_cmake_uninstall_target) by extensions ['python_setup_py']
[0.318s] Level 1:colcon.colcon_core.package_identification:_identify(ros2_ws/src/build/ament_cmake_uninstall_target) by extension 'python_setup_py'
[0.318s] Level 1:colcon.colcon_core.package_identification:_identify(ros2_ws/src/build/ament_flake8) by extensions ['ignore', 'ignore_ament_install']
[0.318s] Level 1:colcon.colcon_core.package_identification:_identify(ros2_ws/src/build/ament_flake8) by extension 'ignore'
[0.318s] Level 1:colcon.colcon_core.package_identification:_identify(ros2_ws/src/build/ament_flake8) by extension 'ignore_ament_install'
[0.318s] Level 1:colcon.colcon_core.package_identification:_identify(ros2_ws/src/build/ament_flake8) by extensions ['colcon_pkg']
[0.318s] Level 1:colcon.colcon_core.package_identification:_identify(ros2_ws/src/build/ament_flake8) by extension 'colcon_pkg'
[0.318s] Level 1:colcon.colcon_core.package_identification:_identify(ros2_ws/src/build/ament_flake8) by extensions ['colcon_meta']
[0.318s] Level 1:colcon.colcon_core.package_identification:_identify(ros2_ws/src/build/ament_flake8) by extension 'colcon_meta'
[0.318s] Level 1:colcon.colcon_core.package_identification:_identify(ros2_ws/src/build/ament_flake8) by extensions ['ros']
[0.318s] Level 1:colcon.colcon_core.package_identification:_identify(ros2_ws/src/build/ament_flake8) by extension 'ros'
[0.318s] Level 1:colcon.colcon_core.package_identification:_identify(ros2_ws/src/build/ament_flake8) by extensions ['cmake', 'python']
[0.318s] Level 1:colcon.colcon_core.package_identification:_identify(ros2_ws/src/build/ament_flake8) by extension 'cmake'
[0.318s] Level 1:colcon.colcon_core.package_identification:_identify(ros2_ws/src/build/ament_flake8) by extension 'python'
[0.318s] Level 1:colcon.colcon_core.package_identification:_identify(ros2_ws/src/build/ament_flake8) by extensions ['python_setup_py']
[0.318s] Level 1:colcon.colcon_core.package_identification:_identify(ros2_ws/src/build/ament_flake8) by extension 'python_setup_py'
[0.319s] Level 1:colcon.colcon_core.package_identification:_identify(ros2_ws/src/build/ament_lint_cmake) by extensions ['ignore', 'ignore_ament_install']
[0.319s] Level 1:colcon.colcon_core.package_identification:_identify(ros2_ws/src/build/ament_lint_cmake) by extension 'ignore'
[0.319s] Level 1:colcon.colcon_core.package_identification:_identify(ros2_ws/src/build/ament_lint_cmake) by extension 'ignore_ament_install'
[0.319s] Level 1:colcon.colcon_core.package_identification:_identify(ros2_ws/src/build/ament_lint_cmake) by extensions ['colcon_pkg']
[0.319s] Level 1:colcon.colcon_core.package_identification:_identify(ros2_ws/src/build/ament_lint_cmake) by extension 'colcon_pkg'
[0.319s] Level 1:colcon.colcon_core.package_identification:_identify(ros2_ws/src/build/ament_lint_cmake) by extensions ['colcon_meta']
[0.319s] Level 1:colcon.colcon_core.package_identification:_identify(ros2_ws/src/build/ament_lint_cmake) by extension 'colcon_meta'
[0.319s] Level 1:colcon.colcon_core.package_identification:_identify(ros2_ws/src/build/ament_lint_cmake) by extensions ['ros']
[0.319s] Level 1:colcon.colcon_core.package_identification:_identify(ros2_ws/src/build/ament_lint_cmake) by extension 'ros'
[0.319s] Level 1:colcon.colcon_core.package_identification:_identify(ros2_ws/src/build/ament_lint_cmake) by extensions ['cmake', 'python']
[0.319s] Level 1:colcon.colcon_core.package_identification:_identify(ros2_ws/src/build/ament_lint_cmake) by extension 'cmake'
[0.319s] Level 1:colcon.colcon_core.package_identification:_identify(ros2_ws/src/build/ament_lint_cmake) by extension 'python'
[0.319s] Level 1:colcon.colcon_core.package_identification:_identify(ros2_ws/src/build/ament_lint_cmake) by extensions ['python_setup_py']
[0.319s] Level 1:colcon.colcon_core.package_identification:_identify(ros2_ws/src/build/ament_lint_cmake) by extension 'python_setup_py'
[0.319s] Level 1:colcon.colcon_core.package_identification:_identify(ros2_ws/src/build/ament_pep257) by extensions ['ignore', 'ignore_ament_install']
[0.319s] Level 1:colcon.colcon_core.package_identification:_identify(ros2_ws/src/build/ament_pep257) by extension 'ignore'
[0.319s] Level 1:colcon.colcon_core.package_identification:_identify(ros2_ws/src/build/ament_pep257) by extension 'ignore_ament_install'
[0.319s] Level 1:colcon.colcon_core.package_identification:_identify(ros2_ws/src/build/ament_pep257) by extensions ['colcon_pkg']
[0.319s] Level 1:colcon.colcon_core.package_identification:_identify(ros2_ws/src/build/ament_pep257) by extension 'colcon_pkg'
[0.319s] Level 1:colcon.colcon_core.package_identification:_identify(ros2_ws/src/build/ament_pep257) by extensions ['colcon_meta']
[0.319s] Level 1:colcon.colcon_core.package_identification:_identify(ros2_ws/src/build/ament_pep257) by extension 'colcon_meta'
[0.319s] Level 1:colcon.colcon_core.package_identification:_identify(ros2_ws/src/build/ament_pep257) by extensions ['ros']
[0.319s] Level 1:colcon.colcon_core.package_identification:_identify(ros2_ws/src/build/ament_pep257) by extension 'ros'
[0.320s] Level 1:colcon.colcon_core.package_identification:_identify(ros2_ws/src/build/ament_pep257) by extensions ['cmake', 'python']
[0.320s] Level 1:colcon.colcon_core.package_identification:_identify(ros2_ws/src/build/ament_pep257) by extension 'cmake'
[0.320s] Level 1:colcon.colcon_core.package_identification:_identify(ros2_ws/src/build/ament_pep257) by extension 'python'
[0.320s] Level 1:colcon.colcon_core.package_identification:_identify(ros2_ws/src/build/ament_pep257) by extensions ['python_setup_py']
[0.320s] Level 1:colcon.colcon_core.package_identification:_identify(ros2_ws/src/build/ament_pep257) by extension 'python_setup_py'
[0.320s] Level 1:colcon.colcon_core.package_identification:_identify(ros2_ws/src/build/ament_xmllint) by extensions ['ignore', 'ignore_ament_install']
[0.320s] Level 1:colcon.colcon_core.package_identification:_identify(ros2_ws/src/build/ament_xmllint) by extension 'ignore'
[0.320s] Level 1:colcon.colcon_core.package_identification:_identify(ros2_ws/src/build/ament_xmllint) by extension 'ignore_ament_install'
[0.320s] Level 1:colcon.colcon_core.package_identification:_identify(ros2_ws/src/build/ament_xmllint) by extensions ['colcon_pkg']
[0.320s] Level 1:colcon.colcon_core.package_identification:_identify(ros2_ws/src/build/ament_xmllint) by extension 'colcon_pkg'
[0.320s] Level 1:colcon.colcon_core.package_identification:_identify(ros2_ws/src/build/ament_xmllint) by extensions ['colcon_meta']
[0.320s] Level 1:colcon.colcon_core.package_identification:_identify(ros2_ws/src/build/ament_xmllint) by extension 'colcon_meta'
[0.320s] Level 1:colcon.colcon_core.package_identification:_identify(ros2_ws/src/build/ament_xmllint) by extensions ['ros']
[0.320s] Level 1:colcon.colcon_core.package_identification:_identify(ros2_ws/src/build/ament_xmllint) by extension 'ros'
[0.320s] Level 1:colcon.colcon_core.package_identification:_identify(ros2_ws/src/build/ament_xmllint) by extensions ['cmake', 'python']
[0.320s] Level 1:colcon.colcon_core.package_identification:_identify(ros2_ws/src/build/ament_xmllint) by extension 'cmake'
[0.320s] Level 1:colcon.colcon_core.package_identification:_identify(ros2_ws/src/build/ament_xmllint) by extension 'python'
[0.320s] Level 1:colcon.colcon_core.package_identification:_identify(ros2_ws/src/build/ament_xmllint) by extensions ['python_setup_py']
[0.320s] Level 1:colcon.colcon_core.package_identification:_identify(ros2_ws/src/build/ament_xmllint) by extension 'python_setup_py'
[0.320s] Level 1:colcon.colcon_core.package_identification:_identify(ros2_ws/src/chair_robot) by extensions ['ignore', 'ignore_ament_install']
[0.320s] Level 1:colcon.colcon_core.package_identification:_identify(ros2_ws/src/chair_robot) by extension 'ignore'
[0.320s] Level 1:colcon.colcon_core.package_identification:_identify(ros2_ws/src/chair_robot) by extension 'ignore_ament_install'
[0.320s] Level 1:colcon.colcon_core.package_identification:_identify(ros2_ws/src/chair_robot) by extensions ['colcon_pkg']
[0.320s] Level 1:colcon.colcon_core.package_identification:_identify(ros2_ws/src/chair_robot) by extension 'colcon_pkg'
[0.320s] Level 1:colcon.colcon_core.package_identification:_identify(ros2_ws/src/chair_robot) by extensions ['colcon_meta']
[0.321s] Level 1:colcon.colcon_core.package_identification:_identify(ros2_ws/src/chair_robot) by extension 'colcon_meta'
[0.321s] Level 1:colcon.colcon_core.package_identification:_identify(ros2_ws/src/chair_robot) by extensions ['ros']
[0.321s] Level 1:colcon.colcon_core.package_identification:_identify(ros2_ws/src/chair_robot) by extension 'ros'
[0.332s] DEBUG:colcon.colcon_core.package_identification:Package 'ros2_ws/src/chair_robot' with type 'ros.ament_cmake' and name 'chair_robot'
[0.332s] Level 1:colcon.colcon_core.package_discovery:discover_packages(recursive) using defaults
[0.332s] Level 1:colcon.colcon_core.package_discovery:discover_packages(ignore) discover
[0.332s] Level 1:colcon.colcon_core.package_discovery:discover_packages(ignore) using defaults
[0.332s] Level 1:colcon.colcon_core.package_discovery:discover_packages(path) discover
[0.332s] Level 1:colcon.colcon_core.package_discovery:discover_packages(path) using defaults
[0.353s] Level 1:colcon.colcon_core.package_discovery:discover_packages(prefix_path) check parameters
[0.353s] Level 1:colcon.colcon_core.package_discovery:discover_packages(prefix_path) discover
[0.355s] DEBUG:colcon.colcon_installed_package_information.package_discovery:Found 1 installed packages in /home/benricket/school/chair/Desk-On-Demand/install
[0.355s] DEBUG:colcon.colcon_installed_package_information.package_discovery:Found 1 installed packages in /home/benricket/school/chair/Desk-On-Demand/ros2_ws/install
[0.356s] DEBUG:colcon.colcon_installed_package_information.package_discovery:Found 16 installed packages in /home/benricket/ros2_ws/install
[0.357s] DEBUG:colcon.colcon_installed_package_information.package_discovery:Found 321 installed packages in /opt/ros/humble
[0.359s] Level 1:colcon.colcon_core.package_discovery:discover_packages(prefix_path) using defaults
[0.398s] Level 5:colcon.colcon_core.verb:set package 'chair_robot' build argument 'cmake_args' from command line to 'None'
[0.398s] Level 5:colcon.colcon_core.verb:set package 'chair_robot' build argument 'cmake_target' from command line to 'None'
[0.398s] Level 5:colcon.colcon_core.verb:set package 'chair_robot' build argument 'cmake_target_skip_unavailable' from command line to 'False'
[0.398s] Level 5:colcon.colcon_core.verb:set package 'chair_robot' build argument 'cmake_clean_cache' from command line to 'False'
[0.398s] Level 5:colcon.colcon_core.verb:set package 'chair_robot' build argument 'cmake_clean_first' from command line to 'False'
[0.398s] Level 5:colcon.colcon_core.verb:set package 'chair_robot' build argument 'cmake_force_configure' from command line to 'False'
[0.398s] Level 5:colcon.colcon_core.verb:set package 'chair_robot' build argument 'ament_cmake_args' from command line to 'None'
[0.398s] Level 5:colcon.colcon_core.verb:set package 'chair_robot' build argument 'catkin_cmake_args' from command line to 'None'
[0.398s] Level 5:colcon.colcon_core.verb:set package 'chair_robot' build argument 'catkin_skip_building_tests' from command line to 'False'
[0.398s] DEBUG:colcon.colcon_core.verb:Building package 'chair_robot' with the following arguments: {'ament_cmake_args': None, 'build_base': '/home/benricket/school/chair/Desk-On-Demand/build/chair_robot', 'catkin_cmake_args': None, 'catkin_skip_building_tests': False, 'cmake_args': None, 'cmake_clean_cache': False, 'cmake_clean_first': False, 'cmake_force_configure': False, 'cmake_target': None, 'cmake_target_skip_unavailable': False, 'install_base': '/home/benricket/school/chair/Desk-On-Demand/install/chair_robot', 'merge_install': False, 'path': '/home/benricket/school/chair/Desk-On-Demand/ros2_ws/src/chair_robot', 'symlink_install': False, 'test_result_base': None}
[0.398s] INFO:colcon.colcon_core.executor:Executing jobs using 'parallel' executor
[0.400s] DEBUG:colcon.colcon_parallel_executor.executor.parallel:run_until_complete
[0.400s] INFO:colcon.colcon_ros.task.ament_cmake.build:Building ROS package in '/home/benricket/school/chair/Desk-On-Demand/ros2_ws/src/chair_robot' with build type 'ament_cmake'
[0.400s] INFO:colcon.colcon_cmake.task.cmake.build:Building CMake package in '/home/benricket/school/chair/Desk-On-Demand/ros2_ws/src/chair_robot'
[0.403s] INFO:colcon.colcon_core.plugin_system:Skipping extension 'colcon_core.shell.bat': Not used on non-Windows systems
[0.403s] INFO:colcon.colcon_core.shell:Skip shell extension 'powershell' for command environment: Not usable outside of PowerShell
[0.403s] DEBUG:colcon.colcon_core.shell:Skip shell extension 'dsv' for command environment
[0.415s] DEBUG:colcon.colcon_core.event_handler.log_command:Invoking command in '/home/benricket/school/chair/Desk-On-Demand/build/chair_robot': CMAKE_PREFIX_PATH=${CMAKE_PREFIX_PATH}:/home/benricket/ros2_ws/install/sample_node_architectures:/home/benricket/ros2_ws/install/ros_behaviors_fsm:/home/benricket/ros2_ws/install/neato_soccer:/home/benricket/ros2_ws/install/neato_node2:/home/benricket/ros2_ws/install/in_class_day04_solutions:/home/benricket/ros2_ws/install/in_class_day03_solutions:/home/benricket/ros2_ws/install/multi_neato:/home/benricket/ros2_ws/install/in_class_day02_solutions:/home/benricket/ros2_ws/install/draw_square_with_estop:/opt/ros/humble /usr/bin/cmake --build /home/benricket/school/chair/Desk-On-Demand/build/chair_robot -- -j22 -l22
[0.465s] DEBUG:colcon.colcon_core.event_handler.log_command:Invoked command in '/home/benricket/school/chair/Desk-On-Demand/build/chair_robot' returned '0': CMAKE_PREFIX_PATH=${CMAKE_PREFIX_PATH}:/home/benricket/ros2_ws/install/sample_node_architectures:/home/benricket/ros2_ws/install/ros_behaviors_fsm:/home/benricket/ros2_ws/install/neato_soccer:/home/benricket/ros2_ws/install/neato_node2:/home/benricket/ros2_ws/install/in_class_day04_solutions:/home/benricket/ros2_ws/install/in_class_day03_solutions:/home/benricket/ros2_ws/install/multi_neato:/home/benricket/ros2_ws/install/in_class_day02_solutions:/home/benricket/ros2_ws/install/draw_square_with_estop:/opt/ros/humble /usr/bin/cmake --build /home/benricket/school/chair/Desk-On-Demand/build/chair_robot -- -j22 -l22
[0.478s] DEBUG:colcon.colcon_core.event_handler.log_command:Invoking command in '/home/benricket/school/chair/Desk-On-Demand/build/chair_robot': CMAKE_PREFIX_PATH=${CMAKE_PREFIX_PATH}:/home/benricket/ros2_ws/install/sample_node_architectures:/home/benricket/ros2_ws/install/ros_behaviors_fsm:/home/benricket/ros2_ws/install/neato_soccer:/home/benricket/ros2_ws/install/neato_node2:/home/benricket/ros2_ws/install/in_class_day04_solutions:/home/benricket/ros2_ws/install/in_class_day03_solutions:/home/benricket/ros2_ws/install/multi_neato:/home/benricket/ros2_ws/install/in_class_day02_solutions:/home/benricket/ros2_ws/install/draw_square_with_estop:/opt/ros/humble /usr/bin/cmake --install /home/benricket/school/chair/Desk-On-Demand/build/chair_robot
[0.490s] Level 1:colcon.colcon_core.environment:create_environment_scripts_only(chair_robot)
[0.490s] DEBUG:colcon.colcon_core.event_handler.log_command:Invoked command in '/home/benricket/school/chair/Desk-On-Demand/build/chair_robot' returned '0': CMAKE_PREFIX_PATH=${CMAKE_PREFIX_PATH}:/home/benricket/ros2_ws/install/sample_node_architectures:/home/benricket/ros2_ws/install/ros_behaviors_fsm:/home/benricket/ros2_ws/install/neato_soccer:/home/benricket/ros2_ws/install/neato_node2:/home/benricket/ros2_ws/install/in_class_day04_solutions:/home/benricket/ros2_ws/install/in_class_day03_solutions:/home/benricket/ros2_ws/install/multi_neato:/home/benricket/ros2_ws/install/in_class_day02_solutions:/home/benricket/ros2_ws/install/draw_square_with_estop:/opt/ros/humble /usr/bin/cmake --install /home/benricket/school/chair/Desk-On-Demand/build/chair_robot
[0.494s] Level 1:colcon.colcon_core.environment:checking '/home/benricket/school/chair/Desk-On-Demand/install/chair_robot' for CMake module files
[0.495s] Level 1:colcon.colcon_core.environment:checking '/home/benricket/school/chair/Desk-On-Demand/install/chair_robot' for CMake config files
[0.495s] Level 1:colcon.colcon_core.shell:create_environment_hook('chair_robot', 'cmake_prefix_path')
[0.495s] INFO:colcon.colcon_core.shell:Creating environment hook '/home/benricket/school/chair/Desk-On-Demand/install/chair_robot/share/chair_robot/hook/cmake_prefix_path.ps1'
[0.496s] INFO:colcon.colcon_core.shell:Creating environment descriptor '/home/benricket/school/chair/Desk-On-Demand/install/chair_robot/share/chair_robot/hook/cmake_prefix_path.dsv'
[0.497s] INFO:colcon.colcon_core.shell:Creating environment hook '/home/benricket/school/chair/Desk-On-Demand/install/chair_robot/share/chair_robot/hook/cmake_prefix_path.sh'
[0.498s] Level 1:colcon.colcon_core.environment:checking '/home/benricket/school/chair/Desk-On-Demand/install/chair_robot/lib'
[0.499s] Level 1:colcon.colcon_core.environment:checking '/home/benricket/school/chair/Desk-On-Demand/install/chair_robot/bin'
[0.499s] Level 1:colcon.colcon_core.environment:checking '/home/benricket/school/chair/Desk-On-Demand/install/chair_robot/lib/pkgconfig/chair_robot.pc'
[0.499s] Level 1:colcon.colcon_core.environment:checking '/home/benricket/school/chair/Desk-On-Demand/install/chair_robot/lib/python3.10/site-packages'
[0.500s] Level 1:colcon.colcon_core.environment:checking '/home/benricket/school/chair/Desk-On-Demand/install/chair_robot/bin'
[0.500s] INFO:colcon.colcon_core.shell:Creating package script '/home/benricket/school/chair/Desk-On-Demand/install/chair_robot/share/chair_robot/package.ps1'
[0.501s] INFO:colcon.colcon_core.shell:Creating package descriptor '/home/benricket/school/chair/Desk-On-Demand/install/chair_robot/share/chair_robot/package.dsv'
[0.502s] INFO:colcon.colcon_core.shell:Creating package script '/home/benricket/school/chair/Desk-On-Demand/install/chair_robot/share/chair_robot/package.sh'
[0.503s] INFO:colcon.colcon_core.shell:Creating package script '/home/benricket/school/chair/Desk-On-Demand/install/chair_robot/share/chair_robot/package.bash'
[0.503s] INFO:colcon.colcon_core.shell:Creating package script '/home/benricket/school/chair/Desk-On-Demand/install/chair_robot/share/chair_robot/package.zsh'
[0.504s] Level 1:colcon.colcon_core.environment:create_file_with_runtime_dependencies(/home/benricket/school/chair/Desk-On-Demand/install/chair_robot/share/colcon-core/packages/chair_robot)
[0.505s] Level 1:colcon.colcon_core.environment:create_environment_scripts_only(chair_robot)
[0.505s] Level 1:colcon.colcon_core.environment:checking '/home/benricket/school/chair/Desk-On-Demand/install/chair_robot' for CMake module files
[0.506s] Level 1:colcon.colcon_core.environment:checking '/home/benricket/school/chair/Desk-On-Demand/install/chair_robot' for CMake config files
[0.506s] Level 1:colcon.colcon_core.shell:create_environment_hook('chair_robot', 'cmake_prefix_path')
[0.506s] INFO:colcon.colcon_core.shell:Creating environment hook '/home/benricket/school/chair/Desk-On-Demand/install/chair_robot/share/chair_robot/hook/cmake_prefix_path.ps1'
[0.506s] INFO:colcon.colcon_core.shell:Creating environment descriptor '/home/benricket/school/chair/Desk-On-Demand/install/chair_robot/share/chair_robot/hook/cmake_prefix_path.dsv'
[0.507s] INFO:colcon.colcon_core.shell:Creating environment hook '/home/benricket/school/chair/Desk-On-Demand/install/chair_robot/share/chair_robot/hook/cmake_prefix_path.sh'
[0.507s] Level 1:colcon.colcon_core.environment:checking '/home/benricket/school/chair/Desk-On-Demand/install/chair_robot/lib'
[0.507s] Level 1:colcon.colcon_core.environment:checking '/home/benricket/school/chair/Desk-On-Demand/install/chair_robot/bin'
[0.507s] Level 1:colcon.colcon_core.environment:checking '/home/benricket/school/chair/Desk-On-Demand/install/chair_robot/lib/pkgconfig/chair_robot.pc'
[0.508s] Level 1:colcon.colcon_core.environment:checking '/home/benricket/school/chair/Desk-On-Demand/install/chair_robot/lib/python3.10/site-packages'
[0.508s] Level 1:colcon.colcon_core.environment:checking '/home/benricket/school/chair/Desk-On-Demand/install/chair_robot/bin'
[0.508s] INFO:colcon.colcon_core.shell:Creating package script '/home/benricket/school/chair/Desk-On-Demand/install/chair_robot/share/chair_robot/package.ps1'
[0.509s] INFO:colcon.colcon_core.shell:Creating package descriptor '/home/benricket/school/chair/Desk-On-Demand/install/chair_robot/share/chair_robot/package.dsv'
[0.509s] INFO:colcon.colcon_core.shell:Creating package script '/home/benricket/school/chair/Desk-On-Demand/install/chair_robot/share/chair_robot/package.sh'
[0.510s] INFO:colcon.colcon_core.shell:Creating package script '/home/benricket/school/chair/Desk-On-Demand/install/chair_robot/share/chair_robot/package.bash'
[0.510s] INFO:colcon.colcon_core.shell:Creating package script '/home/benricket/school/chair/Desk-On-Demand/install/chair_robot/share/chair_robot/package.zsh'
[0.511s] Level 1:colcon.colcon_core.environment:create_file_with_runtime_dependencies(/home/benricket/school/chair/Desk-On-Demand/install/chair_robot/share/colcon-core/packages/chair_robot)
[0.511s] DEBUG:colcon.colcon_parallel_executor.executor.parallel:closing loop
[0.512s] DEBUG:colcon.colcon_parallel_executor.executor.parallel:loop closed
[0.512s] DEBUG:colcon.colcon_parallel_executor.executor.parallel:run_until_complete finished with '0'
[0.512s] DEBUG:colcon.colcon_core.event_reactor:joining thread
[0.518s] INFO:colcon.colcon_core.plugin_system:Skipping extension 'colcon_notification.desktop_notification.terminal_notifier': Not used on non-Darwin systems
[0.518s] INFO:colcon.colcon_core.plugin_system:Skipping extension 'colcon_notification.desktop_notification.win32': Not used on non-Windows systems
[0.518s] INFO:colcon.colcon_notification.desktop_notification:Sending desktop notification using 'notify2'
[0.533s] DEBUG:colcon.colcon_core.event_reactor:joined thread
[0.534s] INFO:colcon.colcon_core.shell:Creating prefix script '/home/benricket/school/chair/Desk-On-Demand/install/local_setup.ps1'
[0.535s] INFO:colcon.colcon_core.shell:Creating prefix util module '/home/benricket/school/chair/Desk-On-Demand/install/_local_setup_util_ps1.py'
[0.536s] INFO:colcon.colcon_core.shell:Creating prefix chain script '/home/benricket/school/chair/Desk-On-Demand/install/setup.ps1'
[0.538s] INFO:colcon.colcon_core.shell:Creating prefix script '/home/benricket/school/chair/Desk-On-Demand/install/local_setup.sh'
[0.539s] INFO:colcon.colcon_core.shell:Creating prefix util module '/home/benricket/school/chair/Desk-On-Demand/install/_local_setup_util_sh.py'
[0.539s] INFO:colcon.colcon_core.shell:Creating prefix chain script '/home/benricket/school/chair/Desk-On-Demand/install/setup.sh'
[0.541s] INFO:colcon.colcon_core.shell:Creating prefix script '/home/benricket/school/chair/Desk-On-Demand/install/local_setup.bash'
[0.541s] INFO:colcon.colcon_core.shell:Creating prefix chain script '/home/benricket/school/chair/Desk-On-Demand/install/setup.bash'
[0.542s] INFO:colcon.colcon_core.shell:Creating prefix script '/home/benricket/school/chair/Desk-On-Demand/install/local_setup.zsh'
[0.543s] INFO:colcon.colcon_core.shell:Creating prefix chain script '/home/benricket/school/chair/Desk-On-Demand/install/setup.zsh'
