[0.014s] Invoking command in '/home/benricket/school/chair/Desk-On-Demand/build/chair_robot': CMAKE_PREFIX_PATH=${CMAKE_PREFIX_PATH}:/home/benricket/ros2_ws/install/sample_node_architectures:/home/benricket/ros2_ws/install/ros_behaviors_fsm:/home/benricket/ros2_ws/install/neato_soccer:/home/benricket/ros2_ws/install/neato_node2:/home/benricket/ros2_ws/install/in_class_day04_solutions:/home/benricket/ros2_ws/install/in_class_day03_solutions:/home/benricket/ros2_ws/install/multi_neato:/home/benricket/ros2_ws/install/in_class_day02_solutions:/home/benricket/ros2_ws/install/draw_square_with_estop:/opt/ros/humble /usr/bin/cmake --build /home/benricket/school/chair/Desk-On-Demand/build/chair_robot -- -j22 -l22
[0.062s] Invoked command in '/home/benricket/school/chair/Desk-On-Demand/build/chair_robot' returned '0': CMAKE_PREFIX_PATH=${CMAKE_PREFIX_PATH}:/home/benricket/ros2_ws/install/sample_node_architectures:/home/benricket/ros2_ws/install/ros_behaviors_fsm:/home/benricket/ros2_ws/install/neato_soccer:/home/benricket/ros2_ws/install/neato_node2:/home/benricket/ros2_ws/install/in_class_day04_solutions:/home/benricket/ros2_ws/install/in_class_day03_solutions:/home/benricket/ros2_ws/install/multi_neato:/home/benricket/ros2_ws/install/in_class_day02_solutions:/home/benricket/ros2_ws/install/draw_square_with_estop:/opt/ros/humble /usr/bin/cmake --build /home/benricket/school/chair/Desk-On-Demand/build/chair_robot -- -j22 -l22
[0.072s] Invoking command in '/home/benricket/school/chair/Desk-On-Demand/build/chair_robot': CMAKE_PREFIX_PATH=${CMAKE_PREFIX_PATH}:/home/benricket/ros2_ws/install/sample_node_architectures:/home/benricket/ros2_ws/install/ros_behaviors_fsm:/home/benricket/ros2_ws/install/neato_soccer:/home/benricket/ros2_ws/install/neato_node2:/home/benricket/ros2_ws/install/in_class_day04_solutions:/home/benricket/ros2_ws/install/in_class_day03_solutions:/home/benricket/ros2_ws/install/multi_neato:/home/benricket/ros2_ws/install/in_class_day02_solutions:/home/benricket/ros2_ws/install/draw_square_with_estop:/opt/ros/humble /usr/bin/cmake --install /home/benricket/school/chair/Desk-On-Demand/build/chair_robot
[0.082s] -- Install configuration: ""
[0.082s] -- Up-to-date: /home/benricket/school/chair/Desk-On-Demand/install/chair_robot/lib/chair_robot/pub_test.py
[0.082s] -- Up-to-date: /home/benricket/school/chair/Desk-On-Demand/install/chair_robot/lib/chair_robot/sub_test.py
[0.082s] -- Up-to-date: /home/benricket/school/chair/Desk-On-Demand/install/chair_robot/lib/chair_robot/pose_from_aruco.py
[0.082s] -- Installing: /home/benricket/school/chair/Desk-On-Demand/install/chair_robot/lib/chair_robot/transform_helper.py
[0.082s] -- Up-to-date: /home/benricket/school/chair/Desk-On-Demand/install/chair_robot/share/ament_index/resource_index/package_run_dependencies/chair_robot
[0.082s] -- Up-to-date: /home/benricket/school/chair/Desk-On-Demand/install/chair_robot/share/ament_index/resource_index/parent_prefix_path/chair_robot
[0.082s] -- Up-to-date: /home/benricket/school/chair/Desk-On-Demand/install/chair_robot/share/chair_robot/environment/ament_prefix_path.sh
[0.082s] -- Up-to-date: /home/benricket/school/chair/Desk-On-Demand/install/chair_robot/share/chair_robot/environment/ament_prefix_path.dsv
[0.082s] -- Up-to-date: /home/benricket/school/chair/Desk-On-Demand/install/chair_robot/share/chair_robot/environment/path.sh
[0.082s] -- Up-to-date: /home/benricket/school/chair/Desk-On-Demand/install/chair_robot/share/chair_robot/environment/path.dsv
[0.083s] -- Up-to-date: /home/benricket/school/chair/Desk-On-Demand/install/chair_robot/share/chair_robot/local_setup.bash
[0.083s] -- Up-to-date: /home/benricket/school/chair/Desk-On-Demand/install/chair_robot/share/chair_robot/local_setup.sh
[0.083s] -- Up-to-date: /home/benricket/school/chair/Desk-On-Demand/install/chair_robot/share/chair_robot/local_setup.zsh
[0.083s] -- Up-to-date: /home/benricket/school/chair/Desk-On-Demand/install/chair_robot/share/chair_robot/local_setup.dsv
[0.083s] -- Installing: /home/benricket/school/chair/Desk-On-Demand/install/chair_robot/share/chair_robot/package.dsv
[0.083s] -- Up-to-date: /home/benricket/school/chair/Desk-On-Demand/install/chair_robot/share/ament_index/resource_index/packages/chair_robot
[0.083s] -- Up-to-date: /home/benricket/school/chair/Desk-On-Demand/install/chair_robot/share/chair_robot/cmake/chair_robotConfig.cmake
[0.083s] -- Up-to-date: /home/benricket/school/chair/Desk-On-Demand/install/chair_robot/share/chair_robot/cmake/chair_robotConfig-version.cmake
[0.083s] -- Up-to-date: /home/benricket/school/chair/Desk-On-Demand/install/chair_robot/share/chair_robot/package.xml
[0.086s] Invoked command in '/home/benricket/school/chair/Desk-On-Demand/build/chair_robot' returned '0': CMAKE_PREFIX_PATH=${CMAKE_PREFIX_PATH}:/home/benricket/ros2_ws/install/sample_node_architectures:/home/benricket/ros2_ws/install/ros_behaviors_fsm:/home/benricket/ros2_ws/install/neato_soccer:/home/benricket/ros2_ws/install/neato_node2:/home/benricket/ros2_ws/install/in_class_day04_solutions:/home/benricket/ros2_ws/install/in_class_day03_solutions:/home/benricket/ros2_ws/install/multi_neato:/home/benricket/ros2_ws/install/in_class_day02_solutions:/home/benricket/ros2_ws/install/draw_square_with_estop:/opt/ros/humble /usr/bin/cmake --install /home/benricket/school/chair/Desk-On-Demand/build/chair_robot
